2025-04-29 01:10:34,695 - DEBUG - This is a debug message
2025-04-29 01:10:34,696 - INFO - This is an info message
2025-04-29 01:10:34,696 - WARNING - This is a warning message
2025-04-29 01:10:34,696 - ERROR - This is an error message
2025-04-29 01:10:34,697 - CRITICAL - This is a critical message
2025-04-29 02:18:51,740 - ERROR - 予定タスクID: 625に実績タスクID: unsupported format string passed to NoneType.__format__を追加できませんでした。
2025-04-29 02:18:54,752 - ERROR - 予定タスクID: 622に実績タスクID: unsupported format string passed to NoneType.__format__を追加できませんでした。
2025-04-29 02:18:54,755 - ERROR - 予定タスクID: 621に実績タスクID: unsupported format string passed to NoneType.__format__を追加できませんでした。
2025-04-29 02:18:54,757 - ERROR - 予定タスクID: 209に実績タスクID: unsupported format string passed to NoneType.__format__を追加できませんでした。
2025-04-29 02:18:54,757 - ERROR - 予定タスクID: 208に実績タスクID: unsupported format string passed to NoneType.__format__を追加できませんでした。
2025-04-29 02:18:54,758 - ERROR - 予定タスクID: 207に実績タスクID: unsupported format string passed to NoneType.__format__を追加できませんでした。
2025-04-29 02:18:54,759 - ERROR - 予定タスクID: 182に実績タスクID: unsupported format string passed to NoneType.__format__を追加できませんでした。
2025-04-29 02:18:54,759 - ERROR - 予定タスクID: 181に実績タスクID: unsupported format string passed to NoneType.__format__を追加できませんでした。
2025-04-29 03:06:02,962 - ERROR - 予定タスクID: 625に実績タスクID: unsupported format string passed to NoneType.__format__を追加できませんでした。
2025-04-29 03:06:02,966 - ERROR - 予定タスクID: 622に実績タスクID: unsupported format string passed to NoneType.__format__を追加できませんでした。
2025-04-29 03:06:02,967 - ERROR - 予定タスクID: 621に実績タスクID: unsupported format string passed to NoneType.__format__を追加できませんでした。
2025-04-29 03:06:02,970 - ERROR - 予定タスクID: 209に実績タスクID: unsupported format string passed to NoneType.__format__を追加できませんでした。
2025-04-29 03:06:02,971 - ERROR - 予定タスクID: 208に実績タスクID: unsupported format string passed to NoneType.__format__を追加できませんでした。
2025-04-29 03:06:02,972 - ERROR - 予定タスクID: 207に実績タスクID: unsupported format string passed to NoneType.__format__を追加できませんでした。
2025-04-29 03:06:02,975 - ERROR - 予定タスクID: 182に実績タスクID: unsupported format string passed to NoneType.__format__を追加できませんでした。
2025-04-29 03:06:02,975 - ERROR - 予定タスクID: 181に実績タスクID: unsupported format string passed to NoneType.__format__を追加できませんでした。
2025-04-29 04:11:50,671 - ERROR - 予定タスクID: 625 エラー: Invalid input: None. Must be a float or int.
2025-04-29 04:11:50,673 - ERROR - 予定タスクID: 622 エラー: Invalid input: None. Must be a float or int.
2025-04-29 04:11:50,673 - ERROR - 予定タスクID: 621 エラー: Invalid input: None. Must be a float or int.
2025-04-29 04:11:50,674 - ERROR - 予定タスクID: 209 エラー: Invalid input: None. Must be a float or int.
2025-04-29 04:11:50,674 - ERROR - 予定タスクID: 208 エラー: Invalid input: None. Must be a float or int.
2025-04-29 04:11:50,674 - ERROR - 予定タスクID: 207 エラー: Invalid input: None. Must be a float or int.
2025-04-29 04:11:50,674 - ERROR - 予定タスクID: 182 エラー: Invalid input: None. Must be a float or int.
2025-04-29 04:11:50,674 - ERROR - 予定タスクID: 181 エラー: Invalid input: None. Must be a float or int.
2025-04-29 04:12:54,231 - INFO - 予定タスクID: 657を更新しました。
2025-04-29 04:12:57,818 - INFO - 予定タスクID: 656を更新しました。
2025-04-29 04:12:58,273 - INFO - 予定タスクID: 651を更新しました。
2025-04-29 04:12:59,780 - INFO - 予定タスクID: 650を更新しました。
2025-04-29 04:13:00,044 - INFO - 予定タスクID: 648を更新しました。
2025-04-29 04:13:04,358 - INFO - 予定タスクID: 645を更新しました。
2025-04-29 04:13:04,832 - INFO - 予定タスクID: 644を更新しました。
2025-04-29 04:13:05,305 - INFO - 予定タスクID: 643を更新しました。
2025-04-29 04:13:05,572 - INFO - 予定タスクID: 641を更新しました。
2025-04-29 04:13:06,027 - INFO - 予定タスクID: 620を更新しました。
2025-04-29 04:13:07,326 - INFO - 予定タスクID: 619を更新しました。
2025-04-29 04:13:08,353 - INFO - 予定タスクID: 618を更新しました。
2025-04-29 04:13:10,078 - INFO - 予定タスクID: 617を更新しました。
2025-04-29 04:13:10,448 - INFO - 予定タスクID: 600を更新しました。
2025-04-29 04:13:11,220 - INFO - 予定タスクID: 599を更新しました。
2025-04-29 04:13:12,968 - INFO - 予定タスクID: 598を更新しました。
2025-04-29 04:13:13,810 - INFO - 予定タスクID: 597を更新しました。
2025-04-29 04:13:14,194 - INFO - 予定タスクID: 575を更新しました。
2025-04-29 04:13:14,487 - INFO - 予定タスクID: 573を更新しました。
2025-04-29 04:13:14,784 - INFO - 予定タスクID: 377を更新しました。
2025-04-29 04:13:15,367 - INFO - 予定タスクID: 197を更新しました。
2025-04-29 04:13:15,645 - INFO - 予定タスクID: 196を更新しました。
2025-04-29 04:13:15,916 - INFO - 予定タスクID: 195を更新しました。
2025-04-29 04:13:18,521 - INFO - 予定タスクID: 194を更新しました。
2025-04-29 04:13:18,884 - INFO - 予定タスクID: 192を更新しました。
2025-04-29 04:13:21,766 - INFO - 予定タスクID: 65を更新しました。
2025-04-29 04:13:22,036 - INFO - 予定タスクID: 64を更新しました。
2025-04-29 04:13:26,589 - INFO - 実績タスクID: {updated_excuted_tasks.id}を更新しました。
2025-04-29 04:13:27,253 - INFO - 実績タスクID: {updated_excuted_tasks.id}を更新しました。
2025-04-29 04:13:27,910 - INFO - 実績タスクID: {updated_excuted_tasks.id}を更新しました。
2025-04-29 04:13:28,709 - INFO - 実績タスクID: {updated_excuted_tasks.id}を更新しました。
2025-04-29 04:13:32,613 - INFO - 実績タスクID: {updated_excuted_tasks.id}を更新しました。
2025-04-29 04:13:36,291 - INFO - 実績タスクID: {updated_excuted_tasks.id}を更新しました。
2025-04-29 04:13:38,735 - INFO - 実績タスクID: {updated_excuted_tasks.id}を更新しました。
2025-04-29 04:13:40,295 - INFO - 実績タスクID: {updated_excuted_tasks.id}を更新しました。
2025-04-29 04:13:40,822 - INFO - 実績タスクID: {updated_excuted_tasks.id}を更新しました。
2025-04-29 04:13:41,280 - INFO - 実績タスクID: {updated_excuted_tasks.id}を更新しました。
2025-04-29 04:13:42,871 - INFO - 実績タスクID: {updated_excuted_tasks.id}を更新しました。
2025-04-29 04:13:50,595 - ERROR - 予定タスクID: 625 エラー: Invalid input: None. Must be a float or int.
2025-04-29 04:13:50,595 - ERROR - 予定タスクID: 622 エラー: Invalid input: None. Must be a float or int.
2025-04-29 04:13:50,595 - ERROR - 予定タスクID: 621 エラー: Invalid input: None. Must be a float or int.
2025-04-29 04:13:50,596 - ERROR - 予定タスクID: 209 エラー: Invalid input: None. Must be a float or int.
2025-04-29 04:13:50,596 - ERROR - 予定タスクID: 208 エラー: Invalid input: None. Must be a float or int.
2025-04-29 04:13:50,596 - ERROR - 予定タスクID: 207 エラー: Invalid input: None. Must be a float or int.
2025-04-29 04:13:50,597 - ERROR - 予定タスクID: 182 エラー: Invalid input: None. Must be a float or int.
2025-04-29 04:13:50,597 - ERROR - 予定タスクID: 181 エラー: Invalid input: None. Must be a float or int.
2025-04-29 04:13:50,976 - INFO - 予定タスクID: 657を更新しました。
2025-04-29 04:13:51,465 - INFO - 予定タスクID: 656を更新しました。
2025-04-29 04:13:51,852 - INFO - 予定タスクID: 651を更新しました。
2025-04-29 04:13:52,234 - INFO - 予定タスクID: 650を更新しました。
2025-04-29 04:13:52,842 - INFO - 予定タスクID: 648を更新しました。
2025-04-29 04:13:53,707 - INFO - 予定タスクID: 645を更新しました。
2025-04-29 04:13:53,999 - INFO - 予定タスクID: 644を更新しました。
2025-04-29 04:13:54,332 - INFO - 予定タスクID: 643を更新しました。
2025-04-29 04:13:55,347 - INFO - 予定タスクID: 641を更新しました。
2025-04-29 04:13:57,416 - INFO - 予定タスクID: 620を更新しました。
2025-04-29 04:13:58,894 - INFO - 予定タスクID: 619を更新しました。
2025-04-29 04:13:59,314 - INFO - 予定タスクID: 618を更新しました。
2025-04-29 04:13:59,743 - INFO - 予定タスクID: 617を更新しました。
2025-04-29 04:14:00,029 - INFO - 予定タスクID: 600を更新しました。
2025-04-29 04:14:00,737 - INFO - 予定タスクID: 599を更新しました。
2025-04-29 04:14:04,849 - INFO - 予定タスクID: 598を更新しました。
2025-04-29 04:14:05,225 - INFO - 予定タスクID: 597を更新しました。
2025-04-29 04:14:05,680 - INFO - 予定タスクID: 575を更新しました。
2025-04-29 04:14:06,034 - INFO - 予定タスクID: 573を更新しました。
2025-04-29 04:14:06,334 - INFO - 予定タスクID: 377を更新しました。
2025-04-29 04:14:06,661 - INFO - 予定タスクID: 197を更新しました。
2025-04-29 04:14:06,948 - INFO - 予定タスクID: 196を更新しました。
2025-04-29 04:14:07,857 - INFO - 予定タスクID: 195を更新しました。
2025-04-29 04:14:09,101 - INFO - 予定タスクID: 194を更新しました。
2025-04-29 04:14:09,397 - INFO - 予定タスクID: 192を更新しました。
2025-04-29 04:14:13,586 - INFO - 予定タスクID: 65を更新しました。
2025-04-29 04:14:18,799 - INFO - 予定タスクID: 64を更新しました。
2025-04-29 04:14:46,046 - ERROR - 予定タスクID: 625 エラー: Invalid input: None. Must be a float or int.
2025-04-29 04:14:46,046 - ERROR - 予定タスクID: 622 エラー: Invalid input: None. Must be a float or int.
2025-04-29 04:14:46,047 - ERROR - 予定タスクID: 621 エラー: Invalid input: None. Must be a float or int.
2025-04-29 04:14:46,047 - ERROR - 予定タスクID: 209 エラー: Invalid input: None. Must be a float or int.
2025-04-29 04:14:46,048 - ERROR - 予定タスクID: 208 エラー: Invalid input: None. Must be a float or int.
2025-04-29 04:14:46,048 - ERROR - 予定タスクID: 207 エラー: Invalid input: None. Must be a float or int.
2025-04-29 04:14:46,048 - ERROR - 予定タスクID: 182 エラー: Invalid input: None. Must be a float or int.
2025-04-29 04:14:46,048 - ERROR - 予定タスクID: 181 エラー: Invalid input: None. Must be a float or int.
2025-04-29 04:15:53,063 - ERROR - 予定タスクID: 625 エラー: Invalid input: None. Must be a float or int.
2025-04-29 04:15:53,066 - ERROR - 予定タスクID: 622 エラー: Invalid input: None. Must be a float or int.
2025-04-29 04:15:53,066 - ERROR - 予定タスクID: 621 エラー: Invalid input: None. Must be a float or int.
2025-04-29 04:15:53,067 - ERROR - 予定タスクID: 209 エラー: Invalid input: None. Must be a float or int.
2025-04-29 04:15:53,067 - ERROR - 予定タスクID: 208 エラー: Invalid input: None. Must be a float or int.
2025-04-29 04:15:53,067 - ERROR - 予定タスクID: 207 エラー: Invalid input: None. Must be a float or int.
2025-04-29 04:15:53,068 - ERROR - 予定タスクID: 182 エラー: Invalid input: None. Must be a float or int.
2025-04-29 04:15:53,068 - ERROR - 予定タスクID: 181 エラー: Invalid input: None. Must be a float or int.
2025-04-29 04:16:20,079 - ERROR - 予定タスクID: 625 エラー: Invalid input: None. Must be a float or int.
2025-04-29 04:16:20,080 - ERROR - 予定タスクID: 622 エラー: Invalid input: None. Must be a float or int.
2025-04-29 04:16:20,080 - ERROR - 予定タスクID: 621 エラー: Invalid input: None. Must be a float or int.
2025-04-29 04:16:20,081 - ERROR - 予定タスクID: 209 エラー: Invalid input: None. Must be a float or int.
2025-04-29 04:16:20,081 - ERROR - 予定タスクID: 208 エラー: Invalid input: None. Must be a float or int.
2025-04-29 04:16:20,082 - ERROR - 予定タスクID: 207 エラー: Invalid input: None. Must be a float or int.
2025-04-29 04:16:20,082 - ERROR - 予定タスクID: 182 エラー: Invalid input: None. Must be a float or int.
2025-04-29 04:16:20,083 - ERROR - 予定タスクID: 181 エラー: Invalid input: None. Must be a float or int.
2025-04-29 04:16:25,034 - INFO - 予定タスクID: 657を更新しました。
2025-04-29 04:16:25,416 - INFO - 予定タスクID: 656を更新しました。
2025-04-29 04:16:25,705 - INFO - 予定タスクID: 651を更新しました。
2025-04-29 04:16:26,439 - INFO - 予定タスクID: 650を更新しました。
2025-04-29 04:16:48,726 - ERROR - 予定タスクID: 625 エラー: Invalid input: None. Must be a float or int.
2025-04-29 04:16:48,728 - ERROR - 予定タスクID: 622 エラー: Invalid input: None. Must be a float or int.
2025-04-29 04:16:48,729 - ERROR - 予定タスクID: 621 エラー: Invalid input: None. Must be a float or int.
2025-04-29 04:16:48,729 - ERROR - 予定タスクID: 209 エラー: Invalid input: None. Must be a float or int.
2025-04-29 04:16:48,730 - ERROR - 予定タスクID: 208 エラー: Invalid input: None. Must be a float or int.
2025-04-29 04:16:48,730 - ERROR - 予定タスクID: 207 エラー: Invalid input: None. Must be a float or int.
2025-04-29 04:16:48,730 - ERROR - 予定タスクID: 182 エラー: Invalid input: None. Must be a float or int.
2025-04-29 04:16:48,731 - ERROR - 予定タスクID: 181 エラー: Invalid input: None. Must be a float or int.
2025-04-29 04:17:09,875 - ERROR - 予定タスクID: 625 エラー: Invalid input: None. Must be a float or int.
2025-04-29 04:17:09,877 - ERROR - 予定タスクID: 622 エラー: Invalid input: None. Must be a float or int.
2025-04-29 04:17:09,877 - ERROR - 予定タスクID: 621 エラー: Invalid input: None. Must be a float or int.
2025-04-29 04:17:09,878 - ERROR - 予定タスクID: 209 エラー: Invalid input: None. Must be a float or int.
2025-04-29 04:17:09,878 - ERROR - 予定タスクID: 208 エラー: Invalid input: None. Must be a float or int.
2025-04-29 04:17:09,878 - ERROR - 予定タスクID: 207 エラー: Invalid input: None. Must be a float or int.
2025-04-29 04:17:09,878 - ERROR - 予定タスクID: 182 エラー: Invalid input: None. Must be a float or int.
2025-04-29 04:17:09,879 - ERROR - 予定タスクID: 181 エラー: Invalid input: None. Must be a float or int.
2025-04-29 04:17:13,722 - ERROR - 予定タスクID: 625 エラー: Invalid input: None. Must be a float or int.
2025-04-29 04:17:13,723 - ERROR - 予定タスクID: 622 エラー: Invalid input: None. Must be a float or int.
2025-04-29 04:17:13,723 - ERROR - 予定タスクID: 621 エラー: Invalid input: None. Must be a float or int.
2025-04-29 04:17:13,724 - ERROR - 予定タスクID: 209 エラー: Invalid input: None. Must be a float or int.
2025-04-29 04:17:13,724 - ERROR - 予定タスクID: 208 エラー: Invalid input: None. Must be a float or int.
2025-04-29 04:17:13,724 - ERROR - 予定タスクID: 207 エラー: Invalid input: None. Must be a float or int.
2025-04-29 04:17:13,725 - ERROR - 予定タスクID: 182 エラー: Invalid input: None. Must be a float or int.
2025-04-29 04:17:13,726 - ERROR - 予定タスクID: 181 エラー: Invalid input: None. Must be a float or int.
2025-04-29 04:36:32,028 - ERROR - 予定タスクID: 625 エラー: Invalid input: None. Must be a float or int.
2025-04-29 04:36:32,030 - ERROR - 予定タスクID: 622 エラー: Invalid input: None. Must be a float or int.
2025-04-29 04:36:32,031 - ERROR - 予定タスクID: 621 エラー: Invalid input: None. Must be a float or int.
2025-04-29 04:36:32,032 - ERROR - 予定タスクID: 209 エラー: Invalid input: None. Must be a float or int.
2025-04-29 04:36:32,032 - ERROR - 予定タスクID: 208 エラー: Invalid input: None. Must be a float or int.
2025-04-29 04:36:32,032 - ERROR - 予定タスクID: 207 エラー: Invalid input: None. Must be a float or int.
2025-04-29 04:36:32,033 - ERROR - 予定タスクID: 182 エラー: Invalid input: None. Must be a float or int.
2025-04-29 04:36:32,033 - ERROR - 予定タスクID: 181 エラー: Invalid input: None. Must be a float or int.
2025-04-29 04:36:36,354 - INFO - 予定タスクID: 657を更新しました。
2025-04-29 04:36:36,840 - INFO - 予定タスクID: 656を更新しました。
2025-04-29 04:36:37,540 - INFO - 予定タスクID: 651を更新しました。
2025-04-29 04:36:37,859 - INFO - 予定タスクID: 650を更新しました。
2025-04-29 04:36:38,703 - INFO - 予定タスクID: 648を更新しました。
2025-04-29 04:36:39,467 - INFO - 予定タスクID: 645を更新しました。
2025-04-29 04:36:39,796 - INFO - 予定タスクID: 644を更新しました。
2025-04-29 04:36:40,457 - INFO - 予定タスクID: 643を更新しました。
2025-04-29 04:36:41,208 - INFO - 予定タスクID: 641を更新しました。
2025-04-29 04:36:46,035 - INFO - 予定タスクID: 620を更新しました。
2025-04-29 04:36:46,363 - INFO - 予定タスクID: 619を更新しました。
2025-04-29 04:36:55,663 - INFO - 予定タスクID: 618を更新しました。
2025-04-29 04:36:57,440 - INFO - 予定タスクID: 617を更新しました。
2025-04-29 04:36:58,318 - INFO - 予定タスクID: 600を更新しました。
2025-04-29 04:36:58,624 - INFO - 予定タスクID: 599を更新しました。
2025-04-29 04:36:58,969 - INFO - 予定タスクID: 598を更新しました。
2025-04-29 04:36:59,666 - INFO - 予定タスクID: 597を更新しました。
2025-04-29 04:37:00,472 - INFO - 予定タスクID: 575を更新しました。
2025-04-29 04:37:00,775 - INFO - 予定タスクID: 573を更新しました。
2025-04-29 04:37:02,881 - INFO - 予定タスクID: 377を更新しました。
2025-04-29 04:37:03,271 - INFO - 予定タスクID: 197を更新しました。
2025-04-29 04:37:04,284 - INFO - 予定タスクID: 196を更新しました。
2025-04-29 04:37:05,689 - INFO - 予定タスクID: 195を更新しました。
2025-04-29 04:37:05,966 - INFO - 予定タスクID: 194を更新しました。
2025-04-29 04:37:06,298 - INFO - 予定タスクID: 192を更新しました。
2025-04-29 04:37:06,726 - INFO - 予定タスクID: 65を更新しました。
2025-04-29 04:37:07,320 - INFO - 予定タスクID: 64を更新しました。
2025-04-29 04:48:23,055 - ERROR - 予定タスクID: 625 エラー: Invalid input: None. Must be a float or int.
2025-04-29 04:48:23,060 - ERROR - 予定タスクID: 622 エラー: Invalid input: None. Must be a float or int.
2025-04-29 04:48:23,061 - ERROR - 予定タスクID: 621 エラー: Invalid input: None. Must be a float or int.
2025-04-29 04:48:23,062 - ERROR - 予定タスクID: 209 エラー: Invalid input: None. Must be a float or int.
2025-04-29 04:48:23,063 - ERROR - 予定タスクID: 208 エラー: Invalid input: None. Must be a float or int.
2025-04-29 04:48:23,063 - ERROR - 予定タスクID: 207 エラー: Invalid input: None. Must be a float or int.
2025-04-29 04:48:23,064 - ERROR - 予定タスクID: 182 エラー: Invalid input: None. Must be a float or int.
2025-04-29 04:48:23,064 - ERROR - 予定タスクID: 181 エラー: Invalid input: None. Must be a float or int.
2025-04-29 04:48:25,452 - INFO - 予定タスクID: 657を更新しました。
2025-04-29 04:48:28,616 - INFO - 予定タスクID: 656を更新しました。
2025-04-29 04:48:29,653 - INFO - 予定タスクID: 651を更新しました。
2025-04-29 04:48:30,686 - INFO - 予定タスクID: 650を更新しました。
2025-04-29 04:48:31,346 - INFO - 予定タスクID: 648を更新しました。
2025-04-29 04:48:31,956 - INFO - 予定タスクID: 645を更新しました。
2025-04-29 04:48:32,577 - INFO - 予定タスクID: 644を更新しました。
2025-04-29 04:48:33,197 - INFO - 予定タスクID: 643を更新しました。
2025-04-29 04:48:37,353 - INFO - 予定タスクID: 641を更新しました。
2025-04-29 04:48:37,964 - INFO - 予定タスクID: 620を更新しました。
2025-04-29 04:48:38,814 - INFO - 予定タスクID: 619を更新しました。
2025-04-29 04:48:39,442 - INFO - 予定タスクID: 618を更新しました。
2025-04-29 04:48:40,035 - INFO - 予定タスクID: 617を更新しました。
2025-04-29 04:48:40,568 - INFO - 予定タスクID: 600を更新しました。
2025-04-29 04:48:41,306 - INFO - 予定タスクID: 599を更新しました。
2025-04-29 04:48:43,915 - INFO - 予定タスクID: 598を更新しました。
2025-04-29 04:48:51,724 - INFO - 予定タスクID: 597を更新しました。
2025-04-29 04:48:52,694 - INFO - 予定タスクID: 575を更新しました。
2025-04-29 04:48:54,492 - INFO - 予定タスクID: 573を更新しました。
2025-04-29 04:48:54,985 - INFO - 予定タスクID: 377を更新しました。
2025-04-29 04:48:55,954 - INFO - 予定タスクID: 197を更新しました。
2025-04-29 04:48:56,273 - INFO - 予定タスクID: 196を更新しました。
2025-04-29 04:48:56,920 - INFO - 予定タスクID: 195を更新しました。
2025-04-29 04:48:58,486 - INFO - 予定タスクID: 194を更新しました。
2025-04-29 04:48:59,129 - INFO - 予定タスクID: 192を更新しました。
2025-04-29 04:49:03,600 - INFO - 予定タスクID: 65を更新しました。
2025-04-29 04:49:04,013 - INFO - 予定タスクID: 64を更新しました。
2025-04-29 04:49:05,550 - INFO - 実績タスクID: 673を更新しました。
2025-04-29 04:49:06,678 - INFO - 実績タスクID: 672を更新しました。
2025-04-29 04:49:07,722 - INFO - 実績タスクID: 670を更新しました。
2025-04-29 04:49:08,571 - INFO - 実績タスクID: 664を更新しました。
2025-04-29 04:49:12,827 - INFO - 実績タスクID: 663を更新しました。
2025-04-29 04:49:13,170 - INFO - 実績タスクID: 661を更新しました。
2025-04-29 04:49:19,897 - INFO - 実績タスクID: 655を更新しました。
2025-04-29 04:49:20,739 - INFO - 実績タスクID: 653を更新しました。
2025-04-29 04:49:29,214 - INFO - 実績タスクID: 652を更新しました。
2025-04-29 04:49:30,387 - INFO - 実績タスクID: 647を更新しました。
2025-04-29 04:49:31,282 - INFO - 実績タスクID: 646を更新しました。
2025-04-29 04:49:58,108 - ERROR - 予定タスクID: 625 エラー: Invalid input: None. Must be a float or int.
2025-04-29 04:49:58,110 - ERROR - 予定タスクID: 622 エラー: Invalid input: None. Must be a float or int.
2025-04-29 04:49:58,111 - ERROR - 予定タスクID: 621 エラー: Invalid input: None. Must be a float or int.
2025-04-29 04:49:58,111 - ERROR - 予定タスクID: 209 エラー: Invalid input: None. Must be a float or int.
2025-04-29 04:49:58,112 - ERROR - 予定タスクID: 208 エラー: Invalid input: None. Must be a float or int.
2025-04-29 04:49:58,112 - ERROR - 予定タスクID: 207 エラー: Invalid input: None. Must be a float or int.
2025-04-29 04:49:58,113 - ERROR - 予定タスクID: 182 エラー: Invalid input: None. Must be a float or int.
2025-04-29 04:49:58,113 - ERROR - 予定タスクID: 181 エラー: Invalid input: None. Must be a float or int.
2025-04-29 04:51:07,316 - ERROR - 予定タスクID: 625 エラー: Invalid input: None. Must be a float or int.
2025-04-29 04:51:07,321 - ERROR - 予定タスクID: 622 エラー: Invalid input: None. Must be a float or int.
2025-04-29 04:51:07,321 - ERROR - 予定タスクID: 621 エラー: Invalid input: None. Must be a float or int.
2025-04-29 04:51:07,322 - ERROR - 予定タスクID: 209 エラー: Invalid input: None. Must be a float or int.
2025-04-29 04:51:07,322 - ERROR - 予定タスクID: 208 エラー: Invalid input: None. Must be a float or int.
2025-04-29 04:51:07,322 - ERROR - 予定タスクID: 207 エラー: Invalid input: None. Must be a float or int.
2025-04-29 04:51:07,324 - ERROR - 予定タスクID: 182 エラー: Invalid input: None. Must be a float or int.
2025-04-29 04:51:07,324 - ERROR - 予定タスクID: 181 エラー: Invalid input: None. Must be a float or int.
2025-04-29 04:55:59,951 - ERROR - 予定タスクID: 625 エラー: Invalid input: None. Must be a float or int.
2025-04-29 04:55:59,954 - ERROR - 予定タスクID: 622 エラー: Invalid input: None. Must be a float or int.
2025-04-29 04:55:59,955 - ERROR - 予定タスクID: 621 エラー: Invalid input: None. Must be a float or int.
2025-04-29 04:55:59,956 - ERROR - 予定タスクID: 209 エラー: Invalid input: None. Must be a float or int.
2025-04-29 04:55:59,956 - ERROR - 予定タスクID: 208 エラー: Invalid input: None. Must be a float or int.
2025-04-29 04:55:59,956 - ERROR - 予定タスクID: 207 エラー: Invalid input: None. Must be a float or int.
2025-04-29 04:55:59,957 - ERROR - 予定タスクID: 182 エラー: Invalid input: None. Must be a float or int.
2025-04-29 04:55:59,957 - ERROR - 予定タスクID: 181 エラー: Invalid input: None. Must be a float or int.
2025-04-29 04:56:21,763 - ERROR - 予定タスクID: 625 エラー: Invalid input: None. Must be a float or int.
2025-04-29 04:56:21,765 - ERROR - 予定タスクID: 622 エラー: Invalid input: None. Must be a float or int.
2025-04-29 04:56:21,766 - ERROR - 予定タスクID: 621 エラー: Invalid input: None. Must be a float or int.
2025-04-29 04:56:21,766 - ERROR - 予定タスクID: 209 エラー: Invalid input: None. Must be a float or int.
2025-04-29 04:56:21,767 - ERROR - 予定タスクID: 208 エラー: Invalid input: None. Must be a float or int.
2025-04-29 04:56:21,767 - ERROR - 予定タスクID: 207 エラー: Invalid input: None. Must be a float or int.
2025-04-29 04:56:21,767 - ERROR - 予定タスクID: 182 エラー: Invalid input: None. Must be a float or int.
2025-04-29 04:56:21,768 - ERROR - 予定タスクID: 181 エラー: Invalid input: None. Must be a float or int.
2025-04-29 04:56:21,769 - INFO - 処理時間: 2.01983642578125秒
2025-04-29 04:57:01,726 - ERROR - 予定タスクID: 625 エラー: Invalid input: None. Must be a float or int.
2025-04-29 04:57:01,727 - ERROR - 予定タスクID: 622 エラー: Invalid input: None. Must be a float or int.
2025-04-29 04:57:01,728 - ERROR - 予定タスクID: 621 エラー: Invalid input: None. Must be a float or int.
2025-04-29 04:57:01,728 - ERROR - 予定タスクID: 209 エラー: Invalid input: None. Must be a float or int.
2025-04-29 04:57:01,728 - ERROR - 予定タスクID: 208 エラー: Invalid input: None. Must be a float or int.
2025-04-29 04:57:01,729 - ERROR - 予定タスクID: 207 エラー: Invalid input: None. Must be a float or int.
2025-04-29 04:57:01,729 - ERROR - 予定タスクID: 182 エラー: Invalid input: None. Must be a float or int.
2025-04-29 04:57:01,729 - ERROR - 予定タスクID: 181 エラー: Invalid input: None. Must be a float or int.
2025-04-29 04:57:01,730 - INFO - 処理時間: 1.57秒
2025-04-29 05:01:27,330 - ERROR - 予定タスクID: 625 エラー: Invalid input: None. Must be a float or int.
2025-04-29 05:01:27,334 - ERROR - 予定タスクID: 622 エラー: Invalid input: None. Must be a float or int.
2025-04-29 05:01:27,334 - ERROR - 予定タスクID: 621 エラー: Invalid input: None. Must be a float or int.
2025-04-29 05:01:27,335 - ERROR - 予定タスクID: 209 エラー: Invalid input: None. Must be a float or int.
2025-04-29 05:01:27,335 - ERROR - 予定タスクID: 208 エラー: Invalid input: None. Must be a float or int.
2025-04-29 05:01:27,336 - ERROR - 予定タスクID: 207 エラー: Invalid input: None. Must be a float or int.
2025-04-29 05:01:27,336 - ERROR - 予定タスクID: 182 エラー: Invalid input: None. Must be a float or int.
2025-04-29 05:01:27,336 - ERROR - 予定タスクID: 181 エラー: Invalid input: None. Must be a float or int.
2025-04-29 05:01:27,337 - INFO - 処理時間: 2.45秒
2025-04-29 05:02:55,023 - INFO - 実績タスクID: 675を更新しました。
2025-04-29 05:02:57,437 - INFO - 実績タスクID: 674を更新しました。
2025-04-29 05:02:58,269 - ERROR - 予定タスクID: 625 エラー: Invalid input: None. Must be a float or int.
2025-04-29 05:02:58,269 - ERROR - 予定タスクID: 622 エラー: Invalid input: None. Must be a float or int.
2025-04-29 05:02:58,269 - ERROR - 予定タスクID: 621 エラー: Invalid input: None. Must be a float or int.
2025-04-29 05:02:58,270 - ERROR - 予定タスクID: 209 エラー: Invalid input: None. Must be a float or int.
2025-04-29 05:02:58,270 - ERROR - 予定タスクID: 208 エラー: Invalid input: None. Must be a float or int.
2025-04-29 05:02:58,271 - ERROR - 予定タスクID: 207 エラー: Invalid input: None. Must be a float or int.
2025-04-29 05:02:58,271 - ERROR - 予定タスクID: 182 エラー: Invalid input: None. Must be a float or int.
2025-04-29 05:02:58,272 - ERROR - 予定タスクID: 181 エラー: Invalid input: None. Must be a float or int.
2025-04-29 05:03:08,840 - INFO - 予定タスクID: 659を更新しました。
2025-04-29 05:03:09,471 - INFO - 予定タスクID: 651を更新しました。
2025-04-29 05:03:09,473 - INFO - 処理時間: 15.82秒
2025-04-29 05:19:54,310 - ERROR - 実績タスクの取得に失敗しました。エラー: fromisoformat: argument must be str レスポンスデータ: {'object': 'page', 'id': 'a4bdcff0-534f-409a-bf01-e659f15ba9ab', 'created_time': '2025-03-25T09:11:00.000Z', 'last_edited_time': '2025-03-28T03:18:00.000Z', 'created_by': {'object': 'user', 'id': '1b7cf05b-bbb2-4d69-8ada-9e97280fb14f'}, 'last_edited_by': {'object': 'user', 'id': 'f3264dd9-4012-440f-b782-283b1e668f81'}, 'cover': None, 'icon': None, 'parent': {'type': 'database_id', 'database_id': '1b08fe3c-9ed2-80da-b2f3-c53738b9cdc8'}, 'archived': False, 'in_trash': False, 'properties': {'人日(実)': {'id': '%3D%3FTE', 'type': 'number', 'number': None}, 'ステータス': {'id': '%3DX%40%5C', 'type': 'status', 'status': {'id': '49b7a200-495e-4ea0-bef8-d5f0a2632c7f', 'name': '未着手', 'color': 'default'}}, '親アイテム': {'id': '%3EDl%7D', 'type': 'relation', 'relation': [], 'has_more': False}, '次のタスクを保留中：': {'id': '%3E%5Dvy', 'type': 'relation', 'relation': [], 'has_more': False}, 'タグ': {'id': 'Fv%3CV', 'type': 'multi_select', 'multi_select': [{'id': 'e28f9404-e303-4592-b911-ffe1a85b5ab5', 'name': 'APOLOタスク', 'color': 'brown'}]}, '非表示': {'id': 'NoLf', 'type': 'checkbox', 'checkbox': False}, '人日計算(予)': {'id': 'O%3Esx', 'type': 'button', 'button': {}}, '終了日計算(休無)': {'id': 'S%3Fno', 'type': 'button', 'button': {}}, '完了へ': {'id': 'TDrH', 'type': 'button', 'button': {}}, '日付': {'id': 'TNY%3C', 'type': 'date', 'date': {'start': '2025-03-31', 'end': None, 'time_zone': None}}, '次のタスクにより保留中：': {'id': 'Vqp_', 'type': 'relation', 'relation': [], 'has_more': False}, '人日(予)': {'id': 'Wb%3EC', 'type': 'number', 'number': None}, '子工数集計': {'id': 'XisP', 'type': 'button', 'button': {}}, '種別': {'id': 'Z%5EHc', 'type': 'select', 'select': {'id': '18f8e9f7-80ca-4c9c-87cb-e21ed8d62381', 'name': '仕事', 'color': 'purple'}}, 'GitHubプルリクエスト': {'id': '%5Cw%5Cz', 'type': 'relation', 'relation': [], 'has_more': False}, '人日計算(予・休無)': {'id': '%5Dm%7Dl', 'type': 'button', 'button': {}}, '終了日計算': {'id': 'e_BJ', 'type': 'button', 'button': {}}, '予定フラグ': {'id': 'l_SB', 'type': 'checkbox', 'checkbox': False}, '進捗率': {'id': 'oXok', 'type': 'formula', 'formula': {'type': 'number', 'number': 0}}, 'サブアイテム': {'id': 's%3FtX', 'type': 'relation', 'relation': [], 'has_more': False}, 'ID': {'id': '%7CzDm', 'type': 'unique_id', 'unique_id': {'prefix': 'SN', 'number': 510}}, '名前': {'id': 'title', 'type': 'title', 'title': [{'type': 'text', 'text': {'content': '南ビル', 'link': None}, 'annotations': {'bold': False, 'italic': False, 'strikethrough': False, 'underline': False, 'code': False, 'color': 'default'}, 'plain_text': '南ビル', 'href': None}]}}, 'url': 'https://www.notion.so/a4bdcff0534f409abf01e659f15ba9ab', 'public_url': None}
2025-04-29 05:19:54,314 - ERROR - 予定タスクID: 625 エラー: Invalid input: None. Must be a float or int.
2025-04-29 05:19:54,315 - ERROR - 予定タスクID: 622 エラー: Invalid input: None. Must be a float or int.
2025-04-29 05:19:54,315 - ERROR - 予定タスクID: 621 エラー: Invalid input: None. Must be a float or int.
2025-04-29 05:19:54,316 - ERROR - 予定タスクID: 209 エラー: Invalid input: None. Must be a float or int.
2025-04-29 05:19:54,316 - ERROR - 予定タスクID: 208 エラー: Invalid input: None. Must be a float or int.
2025-04-29 05:19:54,317 - ERROR - 予定タスクID: 207 エラー: Invalid input: None. Must be a float or int.
2025-04-29 05:19:54,317 - ERROR - 予定タスクID: 182 エラー: Invalid input: None. Must be a float or int.
2025-04-29 05:19:54,317 - ERROR - 予定タスクID: 181 エラー: Invalid input: None. Must be a float or int.
2025-04-29 05:19:54,884 - INFO - 予定タスクID: 659を更新しました。
2025-04-29 05:19:56,718 - INFO - 予定タスクID: 651を更新しました。
2025-04-29 05:19:57,042 - INFO - 実績タスクID: 675を更新しました。
2025-04-29 05:19:57,588 - INFO - 実績タスクID: 674を更新しました。
2025-04-29 05:19:57,589 - INFO - 処理時間: 5.75秒
2025-04-29 05:22:10,061 - ERROR - 実績タスクの取得に失敗しました。エラー: fromisoformat: argument must be str レスポンスデータ: {'object': 'page', 'id': 'a4bdcff0-534f-409a-bf01-e659f15ba9ab', 'created_time': '2025-03-25T09:11:00.000Z', 'last_edited_time': '2025-03-28T03:18:00.000Z', 'created_by': {'object': 'user', 'id': '1b7cf05b-bbb2-4d69-8ada-9e97280fb14f'}, 'last_edited_by': {'object': 'user', 'id': 'f3264dd9-4012-440f-b782-283b1e668f81'}, 'cover': None, 'icon': None, 'parent': {'type': 'database_id', 'database_id': '1b08fe3c-9ed2-80da-b2f3-c53738b9cdc8'}, 'archived': False, 'in_trash': False, 'properties': {'人日(実)': {'id': '%3D%3FTE', 'type': 'number', 'number': None}, 'ステータス': {'id': '%3DX%40%5C', 'type': 'status', 'status': {'id': '49b7a200-495e-4ea0-bef8-d5f0a2632c7f', 'name': '未着手', 'color': 'default'}}, '親アイテム': {'id': '%3EDl%7D', 'type': 'relation', 'relation': [], 'has_more': False}, '次のタスクを保留中：': {'id': '%3E%5Dvy', 'type': 'relation', 'relation': [], 'has_more': False}, 'タグ': {'id': 'Fv%3CV', 'type': 'multi_select', 'multi_select': [{'id': 'e28f9404-e303-4592-b911-ffe1a85b5ab5', 'name': 'APOLOタスク', 'color': 'brown'}]}, '非表示': {'id': 'NoLf', 'type': 'checkbox', 'checkbox': False}, '人日計算(予)': {'id': 'O%3Esx', 'type': 'button', 'button': {}}, '終了日計算(休無)': {'id': 'S%3Fno', 'type': 'button', 'button': {}}, '完了へ': {'id': 'TDrH', 'type': 'button', 'button': {}}, '日付': {'id': 'TNY%3C', 'type': 'date', 'date': {'start': '2025-03-31', 'end': None, 'time_zone': None}}, '次のタスクにより保留中：': {'id': 'Vqp_', 'type': 'relation', 'relation': [], 'has_more': False}, '人日(予)': {'id': 'Wb%3EC', 'type': 'number', 'number': None}, '子工数集計': {'id': 'XisP', 'type': 'button', 'button': {}}, '種別': {'id': 'Z%5EHc', 'type': 'select', 'select': {'id': '18f8e9f7-80ca-4c9c-87cb-e21ed8d62381', 'name': '仕事', 'color': 'purple'}}, 'GitHubプルリクエスト': {'id': '%5Cw%5Cz', 'type': 'relation', 'relation': [], 'has_more': False}, '人日計算(予・休無)': {'id': '%5Dm%7Dl', 'type': 'button', 'button': {}}, '終了日計算': {'id': 'e_BJ', 'type': 'button', 'button': {}}, '予定フラグ': {'id': 'l_SB', 'type': 'checkbox', 'checkbox': False}, '進捗率': {'id': 'oXok', 'type': 'formula', 'formula': {'type': 'number', 'number': 0}}, 'サブアイテム': {'id': 's%3FtX', 'type': 'relation', 'relation': [], 'has_more': False}, 'ID': {'id': '%7CzDm', 'type': 'unique_id', 'unique_id': {'prefix': 'SN', 'number': 510}}, '名前': {'id': 'title', 'type': 'title', 'title': [{'type': 'text', 'text': {'content': '南ビル', 'link': None}, 'annotations': {'bold': False, 'italic': False, 'strikethrough': False, 'underline': False, 'code': False, 'color': 'default'}, 'plain_text': '南ビル', 'href': None}]}}, 'url': 'https://www.notion.so/a4bdcff0534f409abf01e659f15ba9ab', 'public_url': None}
2025-04-29 05:22:10,067 - ERROR - 予定タスクID: 625 エラー: Invalid input: None. Must be a float or int.
2025-04-29 05:22:10,067 - ERROR - 予定タスクID: 622 エラー: Invalid input: None. Must be a float or int.
2025-04-29 05:22:10,068 - ERROR - 予定タスクID: 621 エラー: Invalid input: None. Must be a float or int.
2025-04-29 05:22:10,068 - ERROR - 予定タスクID: 209 エラー: Invalid input: None. Must be a float or int.
2025-04-29 05:22:10,069 - ERROR - 予定タスクID: 208 エラー: Invalid input: None. Must be a float or int.
2025-04-29 05:22:10,069 - ERROR - 予定タスクID: 207 エラー: Invalid input: None. Must be a float or int.
2025-04-29 05:22:10,069 - ERROR - 予定タスクID: 182 エラー: Invalid input: None. Must be a float or int.
2025-04-29 05:22:10,070 - ERROR - 予定タスクID: 181 エラー: Invalid input: None. Must be a float or int.
2025-04-29 05:22:10,070 - INFO - 処理時間: 5.37秒
2025-04-29 05:27:12,447 - ERROR - 実績タスクの取得に失敗しました。エラー: fromisoformat: argument must be str レスポンスデータ: 510
2025-04-29 05:27:12,450 - ERROR - 予定タスクID: 625 エラー: Invalid input: None. Must be a float or int.
2025-04-29 05:27:12,450 - ERROR - 予定タスクID: 622 エラー: Invalid input: None. Must be a float or int.
2025-04-29 05:27:12,451 - ERROR - 予定タスクID: 621 エラー: Invalid input: None. Must be a float or int.
2025-04-29 05:27:12,451 - ERROR - 予定タスクID: 209 エラー: Invalid input: None. Must be a float or int.
2025-04-29 05:27:12,451 - ERROR - 予定タスクID: 208 エラー: Invalid input: None. Must be a float or int.
2025-04-29 05:27:12,451 - ERROR - 予定タスクID: 207 エラー: Invalid input: None. Must be a float or int.
2025-04-29 05:27:12,452 - ERROR - 予定タスクID: 182 エラー: Invalid input: None. Must be a float or int.
2025-04-29 05:27:12,452 - ERROR - 予定タスクID: 181 エラー: Invalid input: None. Must be a float or int.
2025-04-29 05:27:12,452 - INFO - 処理時間: 3.33秒
2025-04-29 05:28:13,545 - ERROR - 実績タスクの取得に失敗しました。エラー: fromisoformat: argument must be str Task Id: 510
2025-04-29 05:28:13,549 - ERROR - 予定タスクID: 625 エラー: Invalid input: None. Must be a float or int.
2025-04-29 05:28:13,549 - ERROR - 予定タスクID: 622 エラー: Invalid input: None. Must be a float or int.
2025-04-29 05:28:13,550 - ERROR - 予定タスクID: 621 エラー: Invalid input: None. Must be a float or int.
2025-04-29 05:28:13,550 - ERROR - 予定タスクID: 209 エラー: Invalid input: None. Must be a float or int.
2025-04-29 05:28:13,551 - ERROR - 予定タスクID: 208 エラー: Invalid input: None. Must be a float or int.
2025-04-29 05:28:13,551 - ERROR - 予定タスクID: 207 エラー: Invalid input: None. Must be a float or int.
2025-04-29 05:28:13,551 - ERROR - 予定タスクID: 182 エラー: Invalid input: None. Must be a float or int.
2025-04-29 05:28:13,552 - ERROR - 予定タスクID: 181 エラー: Invalid input: None. Must be a float or int.
2025-04-29 05:28:13,552 - INFO - 処理時間: 2.42秒
2025-04-29 05:30:11,151 - ERROR - 実績タスクの取得に失敗しました。 Task Id: 510 エラー: fromisoformat: argument must be str
2025-04-29 05:30:11,156 - ERROR - 予定タスクID: 625 エラー: Invalid input: None. Must be a float or int.
2025-04-29 05:30:11,156 - ERROR - 予定タスクID: 622 エラー: Invalid input: None. Must be a float or int.
2025-04-29 05:30:11,157 - ERROR - 予定タスクID: 621 エラー: Invalid input: None. Must be a float or int.
2025-04-29 05:30:11,157 - ERROR - 予定タスクID: 209 エラー: Invalid input: None. Must be a float or int.
2025-04-29 05:30:11,157 - ERROR - 予定タスクID: 208 エラー: Invalid input: None. Must be a float or int.
2025-04-29 05:30:11,158 - ERROR - 予定タスクID: 207 エラー: Invalid input: None. Must be a float or int.
2025-04-29 05:30:11,158 - ERROR - 予定タスクID: 182 エラー: Invalid input: None. Must be a float or int.
2025-04-29 05:30:11,158 - ERROR - 予定タスクID: 181 エラー: Invalid input: None. Must be a float or int.
2025-04-29 05:30:11,159 - INFO - 処理時間: 1.56秒
2025-04-29 05:30:57,714 - ERROR - 実績タスクの取得失敗 - Task Id: 510 - エラー: fromisoformat: argument must be str
2025-04-29 05:30:57,717 - ERROR - 予定タスクID: 625 エラー: Invalid input: None. Must be a float or int.
2025-04-29 05:30:57,718 - ERROR - 予定タスクID: 622 エラー: Invalid input: None. Must be a float or int.
2025-04-29 05:30:57,719 - ERROR - 予定タスクID: 621 エラー: Invalid input: None. Must be a float or int.
2025-04-29 05:30:57,720 - ERROR - 予定タスクID: 209 エラー: Invalid input: None. Must be a float or int.
2025-04-29 05:30:57,720 - ERROR - 予定タスクID: 208 エラー: Invalid input: None. Must be a float or int.
2025-04-29 05:30:57,720 - ERROR - 予定タスクID: 207 エラー: Invalid input: None. Must be a float or int.
2025-04-29 05:30:57,721 - ERROR - 予定タスクID: 182 エラー: Invalid input: None. Must be a float or int.
2025-04-29 05:30:57,721 - ERROR - 予定タスクID: 181 エラー: Invalid input: None. Must be a float or int.
2025-04-29 05:30:57,722 - INFO - 処理時間: 3.6秒
2025-04-29 05:31:37,398 - ERROR - 実績タスクの取得失敗 | Task Id: 510 | エラー: fromisoformat: argument must be str
2025-04-29 05:31:37,402 - ERROR - 予定タスクID: 625 エラー: Invalid input: None. Must be a float or int.
2025-04-29 05:31:37,403 - ERROR - 予定タスクID: 622 エラー: Invalid input: None. Must be a float or int.
2025-04-29 05:31:37,403 - ERROR - 予定タスクID: 621 エラー: Invalid input: None. Must be a float or int.
2025-04-29 05:31:37,404 - ERROR - 予定タスクID: 209 エラー: Invalid input: None. Must be a float or int.
2025-04-29 05:31:37,404 - ERROR - 予定タスクID: 208 エラー: Invalid input: None. Must be a float or int.
2025-04-29 05:31:37,404 - ERROR - 予定タスクID: 207 エラー: Invalid input: None. Must be a float or int.
2025-04-29 05:31:37,405 - ERROR - 予定タスクID: 182 エラー: Invalid input: None. Must be a float or int.
2025-04-29 05:31:37,405 - ERROR - 予定タスクID: 181 エラー: Invalid input: None. Must be a float or int.
2025-04-29 05:31:37,405 - INFO - 処理時間: 1.5秒
2025-04-29 05:34:27,908 - ERROR - 実績タスク[510]の取得失敗。エラー: fromisoformat: argument must be str
2025-04-29 05:34:27,910 - ERROR - 予定タスクID: 625 エラー: Invalid input: None. Must be a float or int.
2025-04-29 05:34:27,911 - ERROR - 予定タスクID: 622 エラー: Invalid input: None. Must be a float or int.
2025-04-29 05:34:27,911 - ERROR - 予定タスクID: 621 エラー: Invalid input: None. Must be a float or int.
2025-04-29 05:34:27,912 - ERROR - 予定タスクID: 209 エラー: Invalid input: None. Must be a float or int.
2025-04-29 05:34:27,912 - ERROR - 予定タスクID: 208 エラー: Invalid input: None. Must be a float or int.
2025-04-29 05:34:27,912 - ERROR - 予定タスクID: 207 エラー: Invalid input: None. Must be a float or int.
2025-04-29 05:34:27,912 - ERROR - 予定タスクID: 182 エラー: Invalid input: None. Must be a float or int.
2025-04-29 05:34:27,912 - ERROR - 予定タスクID: 181 エラー: Invalid input: None. Must be a float or int.
2025-04-29 05:34:27,913 - INFO - 処理時間: 1.73秒
2025-04-29 05:38:51,145 - ERROR - 実績タスク[510]の取得失敗。エラー内容: fromisoformat: argument must be str
2025-04-29 05:38:51,152 - ERROR - 予定タスク[625]の実績追加に失敗。エラー内容: Invalid input: None. Must be a float or int.
2025-04-29 05:38:51,152 - ERROR - 予定タスク[622]の実績追加に失敗。エラー内容: Invalid input: None. Must be a float or int.
2025-04-29 05:38:51,155 - ERROR - 予定タスク[621]の実績追加に失敗。エラー内容: Invalid input: None. Must be a float or int.
2025-04-29 05:38:51,158 - ERROR - 予定タスク[209]の実績追加に失敗。エラー内容: Invalid input: None. Must be a float or int.
2025-04-29 05:38:51,158 - ERROR - 予定タスク[208]の実績追加に失敗。エラー内容: Invalid input: None. Must be a float or int.
2025-04-29 05:38:51,159 - ERROR - 予定タスク[207]の実績追加に失敗。エラー内容: Invalid input: None. Must be a float or int.
2025-04-29 05:38:51,163 - ERROR - 予定タスク[182]の実績追加に失敗。エラー内容: Invalid input: None. Must be a float or int.
2025-04-29 05:38:51,164 - ERROR - 予定タスク[181]の実績追加に失敗。エラー内容: Invalid input: None. Must be a float or int.
2025-04-29 05:38:51,171 - INFO - 処理時間: 2.38秒
2025-04-29 11:54:06,982 - ERROR - 予定タスク[625]の取得に失敗。エラー内容: In ScheduledTask[625] initialize error, ManDays`None`は必須です。
2025-04-29 11:54:28,195 - ERROR - 予定タスク[622]の取得に失敗。エラー内容: In ScheduledTask[622] initialize error, ManDays`None`は必須です。
2025-04-29 11:54:33,757 - ERROR - 予定タスク[621]の取得に失敗。エラー内容: In ScheduledTask[621] initialize error, ManDays`None`は必須です。
2025-04-29 11:54:33,777 - ERROR - 予定タスク[209]の取得に失敗。エラー内容: In ScheduledTask[209] initialize error, ManDays`None`は必須です。
2025-04-29 11:54:33,778 - ERROR - 予定タスク[208]の取得に失敗。エラー内容: In ScheduledTask[208] initialize error, ManDays`None`は必須です。
2025-04-29 11:54:33,779 - ERROR - 予定タスク[207]の取得に失敗。エラー内容: In ScheduledTask[207] initialize error, ManDays`None`は必須です。
2025-04-29 11:54:33,780 - ERROR - 予定タスク[182]の取得に失敗。エラー内容: In ScheduledTask[182] initialize error, ManDays`None`は必須です。
2025-04-29 11:54:33,780 - ERROR - 予定タスク[181]の取得に失敗。エラー内容: In ScheduledTask[181] initialize error, ManDays`None`は必須です。
2025-04-29 11:54:37,397 - ERROR - 実績タスク[675]の取得に失敗。エラー内容: NotionDate.__init__() got an unexpected keyword argument 'start'
2025-04-29 11:54:37,401 - ERROR - 実績タスク[674]の取得に失敗。エラー内容: NotionDate.__init__() got an unexpected keyword argument 'start'
2025-04-29 11:54:37,401 - ERROR - 実績タスク[673]の取得に失敗。エラー内容: NotionDate.__init__() got an unexpected keyword argument 'start'
2025-04-29 11:54:37,402 - ERROR - 実績タスク[672]の取得に失敗。エラー内容: NotionDate.__init__() got an unexpected keyword argument 'start'
2025-04-29 11:54:37,402 - ERROR - 実績タスク[670]の取得に失敗。エラー内容: NotionDate.__init__() got an unexpected keyword argument 'start'
2025-04-29 11:54:37,403 - ERROR - 実績タスク[664]の取得に失敗。エラー内容: NotionDate.__init__() got an unexpected keyword argument 'start'
2025-04-29 11:54:37,403 - ERROR - 実績タスク[663]の取得に失敗。エラー内容: NotionDate.__init__() got an unexpected keyword argument 'start'
2025-04-29 11:54:37,404 - ERROR - 実績タスク[661]の取得に失敗。エラー内容: NotionDate.__init__() got an unexpected keyword argument 'start'
2025-04-29 11:54:37,404 - ERROR - 実績タスク[655]の取得に失敗。エラー内容: NotionDate.__init__() got an unexpected keyword argument 'start'
2025-04-29 11:54:37,405 - ERROR - 実績タスク[653]の取得に失敗。エラー内容: NotionDate.__init__() got an unexpected keyword argument 'start'
2025-04-29 11:54:37,406 - ERROR - 実績タスク[652]の取得に失敗。エラー内容: NotionDate.__init__() got an unexpected keyword argument 'start'
2025-04-29 11:54:37,406 - ERROR - 実績タスク[647]の取得に失敗。エラー内容: NotionDate.__init__() got an unexpected keyword argument 'start'
2025-04-29 11:54:37,406 - ERROR - 実績タスク[646]の取得に失敗。エラー内容: NotionDate.__init__() got an unexpected keyword argument 'start'
2025-04-29 11:54:37,406 - ERROR - 実績タスク[636]の取得に失敗。エラー内容: NotionDate.__init__() got an unexpected keyword argument 'start'
2025-04-29 11:54:37,407 - ERROR - 実績タスク[635]の取得に失敗。エラー内容: NotionDate.__init__() got an unexpected keyword argument 'start'
2025-04-29 11:54:37,407 - ERROR - 実績タスク[634]の取得に失敗。エラー内容: NotionDate.__init__() got an unexpected keyword argument 'start'
2025-04-29 11:54:37,407 - ERROR - 実績タスク[633]の取得に失敗。エラー内容: NotionDate.__init__() got an unexpected keyword argument 'start'
2025-04-29 11:54:37,408 - ERROR - 実績タスク[631]の取得に失敗。エラー内容: NotionDate.__init__() got an unexpected keyword argument 'start'
2025-04-29 11:54:37,408 - ERROR - 実績タスク[629]の取得に失敗。エラー内容: NotionDate.__init__() got an unexpected keyword argument 'start'
2025-04-29 11:54:37,408 - ERROR - 実績タスク[628]の取得に失敗。エラー内容: NotionDate.__init__() got an unexpected keyword argument 'start'
2025-04-29 11:54:37,408 - ERROR - 実績タスク[627]の取得に失敗。エラー内容: NotionDate.__init__() got an unexpected keyword argument 'start'
2025-04-29 11:54:37,409 - ERROR - 実績タスク[626]の取得に失敗。エラー内容: NotionDate.__init__() got an unexpected keyword argument 'start'
2025-04-29 11:54:37,409 - ERROR - 実績タスク[616]の取得に失敗。エラー内容: NotionDate.__init__() got an unexpected keyword argument 'start'
2025-04-29 11:54:37,409 - ERROR - 実績タスク[615]の取得に失敗。エラー内容: NotionDate.__init__() got an unexpected keyword argument 'start'
2025-04-29 11:54:37,410 - ERROR - 実績タスク[614]の取得に失敗。エラー内容: NotionDate.__init__() got an unexpected keyword argument 'start'
2025-04-29 11:54:37,410 - ERROR - 実績タスク[611]の取得に失敗。エラー内容: NotionDate.__init__() got an unexpected keyword argument 'start'
2025-04-29 11:54:37,410 - ERROR - 実績タスク[610]の取得に失敗。エラー内容: NotionDate.__init__() got an unexpected keyword argument 'start'
2025-04-29 11:54:37,410 - ERROR - 実績タスク[609]の取得に失敗。エラー内容: NotionDate.__init__() got an unexpected keyword argument 'start'
2025-04-29 11:54:37,410 - ERROR - 実績タスク[608]の取得に失敗。エラー内容: NotionDate.__init__() got an unexpected keyword argument 'start'
2025-04-29 11:54:37,411 - ERROR - 実績タスク[607]の取得に失敗。エラー内容: NotionDate.__init__() got an unexpected keyword argument 'start'
2025-04-29 11:54:37,411 - ERROR - 実績タスク[606]の取得に失敗。エラー内容: NotionDate.__init__() got an unexpected keyword argument 'start'
2025-04-29 11:54:37,411 - ERROR - 実績タスク[605]の取得に失敗。エラー内容: NotionDate.__init__() got an unexpected keyword argument 'start'
2025-04-29 11:54:37,411 - ERROR - 実績タスク[596]の取得に失敗。エラー内容: NotionDate.__init__() got an unexpected keyword argument 'start'
2025-04-29 11:54:37,412 - ERROR - 実績タスク[595]の取得に失敗。エラー内容: NotionDate.__init__() got an unexpected keyword argument 'start'
2025-04-29 11:54:37,412 - ERROR - 実績タスク[594]の取得に失敗。エラー内容: NotionDate.__init__() got an unexpected keyword argument 'start'
2025-04-29 11:54:37,412 - ERROR - 実績タスク[593]の取得に失敗。エラー内容: NotionDate.__init__() got an unexpected keyword argument 'start'
2025-04-29 11:54:37,413 - ERROR - 実績タスク[592]の取得に失敗。エラー内容: NotionDate.__init__() got an unexpected keyword argument 'start'
2025-04-29 11:54:37,413 - ERROR - 実績タスク[591]の取得に失敗。エラー内容: NotionDate.__init__() got an unexpected keyword argument 'start'
2025-04-29 11:54:37,413 - ERROR - 実績タスク[589]の取得に失敗。エラー内容: NotionDate.__init__() got an unexpected keyword argument 'start'
2025-04-29 11:54:37,413 - ERROR - 実績タスク[588]の取得に失敗。エラー内容: NotionDate.__init__() got an unexpected keyword argument 'start'
2025-04-29 11:54:37,414 - ERROR - 実績タスク[587]の取得に失敗。エラー内容: NotionDate.__init__() got an unexpected keyword argument 'start'
2025-04-29 11:54:37,414 - ERROR - 実績タスク[586]の取得に失敗。エラー内容: NotionDate.__init__() got an unexpected keyword argument 'start'
2025-04-29 11:54:37,415 - ERROR - 実績タスク[585]の取得に失敗。エラー内容: NotionDate.__init__() got an unexpected keyword argument 'start'
2025-04-29 11:54:37,415 - ERROR - 実績タスク[584]の取得に失敗。エラー内容: NotionDate.__init__() got an unexpected keyword argument 'start'
2025-04-29 11:54:37,416 - ERROR - 実績タスク[582]の取得に失敗。エラー内容: NotionDate.__init__() got an unexpected keyword argument 'start'
2025-04-29 11:54:37,417 - ERROR - 実績タスク[581]の取得に失敗。エラー内容: NotionDate.__init__() got an unexpected keyword argument 'start'
2025-04-29 11:54:37,417 - ERROR - 実績タスク[580]の取得に失敗。エラー内容: NotionDate.__init__() got an unexpected keyword argument 'start'
2025-04-29 11:54:37,417 - ERROR - 実績タスク[577]の取得に失敗。エラー内容: NotionDate.__init__() got an unexpected keyword argument 'start'
2025-04-29 11:54:37,417 - ERROR - 実績タスク[574]の取得に失敗。エラー内容: NotionDate.__init__() got an unexpected keyword argument 'start'
2025-04-29 11:54:37,419 - ERROR - 実績タスク[571]の取得に失敗。エラー内容: NotionDate.__init__() got an unexpected keyword argument 'start'
2025-04-29 11:54:37,419 - ERROR - 実績タスク[548]の取得に失敗。エラー内容: NotionDate.__init__() got an unexpected keyword argument 'start'
2025-04-29 11:54:37,419 - ERROR - 実績タスク[547]の取得に失敗。エラー内容: NotionDate.__init__() got an unexpected keyword argument 'start'
2025-04-29 11:54:37,420 - ERROR - 実績タスク[546]の取得に失敗。エラー内容: NotionDate.__init__() got an unexpected keyword argument 'start'
2025-04-29 11:54:37,420 - ERROR - 実績タスク[545]の取得に失敗。エラー内容: NotionDate.__init__() got an unexpected keyword argument 'start'
2025-04-29 11:54:37,420 - ERROR - 実績タスク[511]の取得に失敗。エラー内容: NotionDate.__init__() got an unexpected keyword argument 'start'
2025-04-29 11:54:37,421 - ERROR - 実績タスク[510]の取得に失敗。エラー内容: fromisoformat: argument must be str
2025-04-29 11:54:37,421 - ERROR - 実績タスク[450]の取得に失敗。エラー内容: NotionDate.__init__() got an unexpected keyword argument 'start'
2025-04-29 11:54:37,422 - ERROR - 実績タスク[449]の取得に失敗。エラー内容: NotionDate.__init__() got an unexpected keyword argument 'start'
2025-04-29 11:54:37,422 - ERROR - 実績タスク[448]の取得に失敗。エラー内容: NotionDate.__init__() got an unexpected keyword argument 'start'
2025-04-29 11:54:37,422 - ERROR - 実績タスク[447]の取得に失敗。エラー内容: NotionDate.__init__() got an unexpected keyword argument 'start'
2025-04-29 11:54:37,422 - ERROR - 実績タスク[446]の取得に失敗。エラー内容: NotionDate.__init__() got an unexpected keyword argument 'start'
2025-04-29 11:54:37,423 - ERROR - 実績タスク[445]の取得に失敗。エラー内容: NotionDate.__init__() got an unexpected keyword argument 'start'
2025-04-29 11:54:37,423 - ERROR - 実績タスク[444]の取得に失敗。エラー内容: NotionDate.__init__() got an unexpected keyword argument 'start'
2025-04-29 11:54:37,423 - ERROR - 実績タスク[443]の取得に失敗。エラー内容: NotionDate.__init__() got an unexpected keyword argument 'start'
2025-04-29 11:54:37,424 - ERROR - 実績タスク[442]の取得に失敗。エラー内容: NotionDate.__init__() got an unexpected keyword argument 'start'
2025-04-29 11:54:38,205 - ERROR - 予定タスク[659]の更新に失敗しました。
2025-04-29 11:54:38,611 - ERROR - 予定タスク[657]の更新に失敗しました。
2025-04-29 11:54:38,799 - ERROR - 予定タスク[656]の更新に失敗しました。
2025-04-29 11:54:39,327 - ERROR - 予定タスク[651]の更新に失敗しました。
2025-04-29 11:54:40,971 - ERROR - 予定タスク[650]の更新に失敗しました。
2025-04-29 11:54:41,134 - ERROR - 予定タスク[648]の更新に失敗しました。
2025-04-29 11:54:41,482 - ERROR - 予定タスク[644]の更新に失敗しました。
2025-04-29 11:54:41,483 - INFO - 処理時間: 66.53秒
2025-04-29 11:55:55,417 - ERROR - 予定タスク[625]の取得に失敗。エラー内容: In ScheduledTask[625] initialize error, ManDays`None`は必須です。
2025-04-29 11:55:55,418 - ERROR - 予定タスク[622]の取得に失敗。エラー内容: In ScheduledTask[622] initialize error, ManDays`None`は必須です。
2025-04-29 11:55:55,418 - ERROR - 予定タスク[621]の取得に失敗。エラー内容: In ScheduledTask[621] initialize error, ManDays`None`は必須です。
2025-04-29 11:55:55,419 - ERROR - 予定タスク[209]の取得に失敗。エラー内容: In ScheduledTask[209] initialize error, ManDays`None`は必須です。
2025-04-29 11:55:55,420 - ERROR - 予定タスク[208]の取得に失敗。エラー内容: In ScheduledTask[208] initialize error, ManDays`None`は必須です。
2025-04-29 11:55:55,422 - ERROR - 予定タスク[207]の取得に失敗。エラー内容: In ScheduledTask[207] initialize error, ManDays`None`は必須です。
2025-04-29 11:55:55,423 - ERROR - 予定タスク[182]の取得に失敗。エラー内容: In ScheduledTask[182] initialize error, ManDays`None`は必須です。
2025-04-29 11:55:55,423 - ERROR - 予定タスク[181]の取得に失敗。エラー内容: In ScheduledTask[181] initialize error, ManDays`None`は必須です。
2025-04-29 11:55:57,702 - ERROR - 実績タスク[675]の取得に失敗。エラー内容: NotionId.__init__() missing 1 required positional argument: 'number'
2025-04-29 11:55:57,704 - ERROR - 実績タスク[674]の取得に失敗。エラー内容: NotionId.__init__() missing 1 required positional argument: 'number'
2025-04-29 11:55:57,705 - ERROR - 実績タスク[673]の取得に失敗。エラー内容: NotionId.__init__() missing 1 required positional argument: 'number'
2025-04-29 11:55:57,706 - ERROR - 実績タスク[672]の取得に失敗。エラー内容: NotionId.__init__() missing 1 required positional argument: 'number'
2025-04-29 11:55:57,706 - ERROR - 実績タスク[670]の取得に失敗。エラー内容: NotionId.__init__() missing 1 required positional argument: 'number'
2025-04-29 11:55:57,706 - ERROR - 実績タスク[664]の取得に失敗。エラー内容: NotionId.__init__() missing 1 required positional argument: 'number'
2025-04-29 11:55:57,707 - ERROR - 実績タスク[663]の取得に失敗。エラー内容: NotionId.__init__() missing 1 required positional argument: 'number'
2025-04-29 11:55:57,707 - ERROR - 実績タスク[661]の取得に失敗。エラー内容: NotionId.__init__() missing 1 required positional argument: 'number'
2025-04-29 11:55:57,707 - ERROR - 実績タスク[655]の取得に失敗。エラー内容: NotionId.__init__() missing 1 required positional argument: 'number'
2025-04-29 11:55:57,708 - ERROR - 実績タスク[653]の取得に失敗。エラー内容: NotionId.__init__() missing 1 required positional argument: 'number'
2025-04-29 11:55:57,708 - ERROR - 実績タスク[652]の取得に失敗。エラー内容: NotionId.__init__() missing 1 required positional argument: 'number'
2025-04-29 11:55:57,708 - ERROR - 実績タスク[647]の取得に失敗。エラー内容: NotionId.__init__() missing 1 required positional argument: 'number'
2025-04-29 11:55:57,708 - ERROR - 実績タスク[646]の取得に失敗。エラー内容: NotionId.__init__() missing 1 required positional argument: 'number'
2025-04-29 11:55:57,708 - ERROR - 実績タスク[636]の取得に失敗。エラー内容: NotionId.__init__() missing 1 required positional argument: 'number'
2025-04-29 11:55:57,709 - ERROR - 実績タスク[635]の取得に失敗。エラー内容: NotionId.__init__() missing 1 required positional argument: 'number'
2025-04-29 11:55:57,709 - ERROR - 実績タスク[634]の取得に失敗。エラー内容: NotionId.__init__() missing 1 required positional argument: 'number'
2025-04-29 11:55:57,709 - ERROR - 実績タスク[633]の取得に失敗。エラー内容: NotionId.__init__() missing 1 required positional argument: 'number'
2025-04-29 11:55:57,710 - ERROR - 実績タスク[631]の取得に失敗。エラー内容: NotionId.__init__() missing 1 required positional argument: 'number'
2025-04-29 11:55:57,710 - ERROR - 実績タスク[628]の取得に失敗。エラー内容: NotionId.__init__() missing 1 required positional argument: 'number'
2025-04-29 11:55:57,710 - ERROR - 実績タスク[627]の取得に失敗。エラー内容: NotionId.__init__() missing 1 required positional argument: 'number'
2025-04-29 11:55:57,711 - ERROR - 実績タスク[614]の取得に失敗。エラー内容: NotionId.__init__() missing 1 required positional argument: 'number'
2025-04-29 11:55:57,711 - ERROR - 実績タスク[611]の取得に失敗。エラー内容: NotionId.__init__() missing 1 required positional argument: 'number'
2025-04-29 11:55:57,711 - ERROR - 実績タスク[610]の取得に失敗。エラー内容: NotionId.__init__() missing 1 required positional argument: 'number'
2025-04-29 11:55:57,712 - ERROR - 実績タスク[606]の取得に失敗。エラー内容: NotionId.__init__() missing 1 required positional argument: 'number'
2025-04-29 11:55:57,712 - ERROR - 実績タスク[605]の取得に失敗。エラー内容: NotionId.__init__() missing 1 required positional argument: 'number'
2025-04-29 11:55:57,713 - ERROR - 実績タスク[596]の取得に失敗。エラー内容: NotionId.__init__() missing 1 required positional argument: 'number'
2025-04-29 11:55:57,713 - ERROR - 実績タスク[595]の取得に失敗。エラー内容: NotionId.__init__() missing 1 required positional argument: 'number'
2025-04-29 11:55:57,713 - ERROR - 実績タスク[594]の取得に失敗。エラー内容: NotionId.__init__() missing 1 required positional argument: 'number'
2025-04-29 11:55:57,713 - ERROR - 実績タスク[593]の取得に失敗。エラー内容: NotionId.__init__() missing 1 required positional argument: 'number'
2025-04-29 11:55:57,713 - ERROR - 実績タスク[592]の取得に失敗。エラー内容: NotionId.__init__() missing 1 required positional argument: 'number'
2025-04-29 11:55:57,714 - ERROR - 実績タスク[591]の取得に失敗。エラー内容: NotionId.__init__() missing 1 required positional argument: 'number'
2025-04-29 11:55:57,714 - ERROR - 実績タスク[589]の取得に失敗。エラー内容: NotionId.__init__() missing 1 required positional argument: 'number'
2025-04-29 11:55:57,714 - ERROR - 実績タスク[588]の取得に失敗。エラー内容: NotionId.__init__() missing 1 required positional argument: 'number'
2025-04-29 11:55:57,714 - ERROR - 実績タスク[587]の取得に失敗。エラー内容: NotionId.__init__() missing 1 required positional argument: 'number'
2025-04-29 11:55:57,714 - ERROR - 実績タスク[586]の取得に失敗。エラー内容: NotionId.__init__() missing 1 required positional argument: 'number'
2025-04-29 11:55:57,715 - ERROR - 実績タスク[585]の取得に失敗。エラー内容: NotionId.__init__() missing 1 required positional argument: 'number'
2025-04-29 11:55:57,716 - ERROR - 実績タスク[584]の取得に失敗。エラー内容: NotionId.__init__() missing 1 required positional argument: 'number'
2025-04-29 11:55:57,716 - ERROR - 実績タスク[582]の取得に失敗。エラー内容: NotionId.__init__() missing 1 required positional argument: 'number'
2025-04-29 11:55:57,718 - ERROR - 実績タスク[581]の取得に失敗。エラー内容: NotionId.__init__() missing 1 required positional argument: 'number'
2025-04-29 11:55:57,720 - ERROR - 実績タスク[580]の取得に失敗。エラー内容: NotionId.__init__() missing 1 required positional argument: 'number'
2025-04-29 11:55:57,721 - ERROR - 実績タスク[577]の取得に失敗。エラー内容: NotionId.__init__() missing 1 required positional argument: 'number'
2025-04-29 11:55:57,721 - ERROR - 実績タスク[574]の取得に失敗。エラー内容: NotionId.__init__() missing 1 required positional argument: 'number'
2025-04-29 11:55:57,723 - ERROR - 実績タスク[571]の取得に失敗。エラー内容: NotionId.__init__() missing 1 required positional argument: 'number'
2025-04-29 11:55:57,725 - ERROR - 実績タスク[510]の取得に失敗。エラー内容: fromisoformat: argument must be str
2025-04-29 11:55:57,917 - ERROR - 予定タスク[659]の更新に失敗しました。
2025-04-29 11:55:58,070 - ERROR - 予定タスク[657]の更新に失敗しました。
2025-04-29 11:55:58,232 - ERROR - 予定タスク[656]の更新に失敗しました。
2025-04-29 11:55:58,384 - ERROR - 予定タスク[651]の更新に失敗しました。
2025-04-29 11:55:58,531 - ERROR - 予定タスク[650]の更新に失敗しました。
2025-04-29 11:55:59,037 - ERROR - 予定タスク[648]の更新に失敗しました。
2025-04-29 11:55:59,199 - ERROR - 予定タスク[644]の更新に失敗しました。
2025-04-29 11:55:59,199 - INFO - 処理時間: 4.61秒
2025-04-29 11:57:57,310 - ERROR - 予定タスク[625]の取得に失敗。エラー内容: In ScheduledTask[625] initialize error, ManDays`None`は必須です。
2025-04-29 11:57:57,313 - ERROR - 予定タスク[622]の取得に失敗。エラー内容: In ScheduledTask[622] initialize error, ManDays`None`は必須です。
2025-04-29 11:57:57,313 - ERROR - 予定タスク[621]の取得に失敗。エラー内容: In ScheduledTask[621] initialize error, ManDays`None`は必須です。
2025-04-29 11:57:57,313 - ERROR - 予定タスク[209]の取得に失敗。エラー内容: In ScheduledTask[209] initialize error, ManDays`None`は必須です。
2025-04-29 11:57:57,313 - ERROR - 予定タスク[208]の取得に失敗。エラー内容: In ScheduledTask[208] initialize error, ManDays`None`は必須です。
2025-04-29 11:57:57,314 - ERROR - 予定タスク[207]の取得に失敗。エラー内容: In ScheduledTask[207] initialize error, ManDays`None`は必須です。
2025-04-29 11:57:57,314 - ERROR - 予定タスク[182]の取得に失敗。エラー内容: In ScheduledTask[182] initialize error, ManDays`None`は必須です。
2025-04-29 11:57:57,314 - ERROR - 予定タスク[181]の取得に失敗。エラー内容: In ScheduledTask[181] initialize error, ManDays`None`は必須です。
2025-04-29 11:58:00,473 - ERROR - 実績タスク[510]の取得に失敗。エラー内容: fromisoformat: argument must be str
2025-04-29 11:58:02,702 - ERROR - 予定タスク[659]の更新に失敗しました。
2025-04-29 11:58:02,861 - ERROR - 予定タスク[657]の更新に失敗しました。
2025-04-29 11:58:03,028 - ERROR - 予定タスク[656]の更新に失敗しました。
2025-04-29 11:58:03,184 - ERROR - 予定タスク[651]の更新に失敗しました。
2025-04-29 11:58:03,351 - ERROR - 予定タスク[650]の更新に失敗しました。
2025-04-29 11:58:03,621 - ERROR - 予定タスク[648]の更新に失敗しました。
2025-04-29 11:58:03,772 - ERROR - 予定タスク[644]の更新に失敗しました。
2025-04-29 11:58:03,773 - INFO - 処理時間: 7.42秒
2025-04-29 12:01:03,690 - ERROR - 予定タスク[625]の取得に失敗。エラー内容: In ScheduledTask[625] initialize error, ManDays`None`は必須です。
2025-04-29 12:01:03,692 - ERROR - 予定タスク[622]の取得に失敗。エラー内容: In ScheduledTask[622] initialize error, ManDays`None`は必須です。
2025-04-29 12:01:03,693 - ERROR - 予定タスク[621]の取得に失敗。エラー内容: In ScheduledTask[621] initialize error, ManDays`None`は必須です。
2025-04-29 12:01:03,694 - ERROR - 予定タスク[209]の取得に失敗。エラー内容: In ScheduledTask[209] initialize error, ManDays`None`は必須です。
2025-04-29 12:01:03,696 - ERROR - 予定タスク[208]の取得に失敗。エラー内容: In ScheduledTask[208] initialize error, ManDays`None`は必須です。
2025-04-29 12:01:03,696 - ERROR - 予定タスク[207]の取得に失敗。エラー内容: In ScheduledTask[207] initialize error, ManDays`None`は必須です。
2025-04-29 12:01:03,697 - ERROR - 予定タスク[182]の取得に失敗。エラー内容: In ScheduledTask[182] initialize error, ManDays`None`は必須です。
2025-04-29 12:01:03,697 - ERROR - 予定タスク[181]の取得に失敗。エラー内容: In ScheduledTask[181] initialize error, ManDays`None`は必須です。
2025-04-29 12:01:05,337 - ERROR - 実績タスク[510]の取得に失敗。エラー内容: fromisoformat: argument must be str
2025-04-29 12:01:05,496 - ERROR - 予定タスク[659]の更新に失敗しました。
2025-04-29 12:01:05,675 - ERROR - 予定タスク[657]の更新に失敗しました。
2025-04-29 12:01:05,995 - ERROR - 予定タスク[656]の更新に失敗しました。
2025-04-29 12:01:06,404 - ERROR - 予定タスク[651]の更新に失敗しました。
2025-04-29 12:01:06,581 - ERROR - 予定タスク[650]の更新に失敗しました。
2025-04-29 12:01:06,776 - ERROR - 予定タスク[648]の更新に失敗しました。
2025-04-29 12:01:06,947 - ERROR - 予定タスク[644]の更新に失敗しました。
2025-04-29 12:01:06,947 - INFO - 処理時間: 4.95秒
2025-04-29 12:01:17,671 - ERROR - 予定タスク[625]の取得に失敗。エラー内容: In ScheduledTask[625] initialize error, ManDays`None`は必須です。
2025-04-29 12:01:17,673 - ERROR - 予定タスク[622]の取得に失敗。エラー内容: In ScheduledTask[622] initialize error, ManDays`None`は必須です。
2025-04-29 12:01:17,673 - ERROR - 予定タスク[621]の取得に失敗。エラー内容: In ScheduledTask[621] initialize error, ManDays`None`は必須です。
2025-04-29 12:01:17,673 - ERROR - 予定タスク[209]の取得に失敗。エラー内容: In ScheduledTask[209] initialize error, ManDays`None`は必須です。
2025-04-29 12:01:17,674 - ERROR - 予定タスク[208]の取得に失敗。エラー内容: In ScheduledTask[208] initialize error, ManDays`None`は必須です。
2025-04-29 12:01:17,674 - ERROR - 予定タスク[207]の取得に失敗。エラー内容: In ScheduledTask[207] initialize error, ManDays`None`は必須です。
2025-04-29 12:01:17,675 - ERROR - 予定タスク[182]の取得に失敗。エラー内容: In ScheduledTask[182] initialize error, ManDays`None`は必須です。
2025-04-29 12:01:17,675 - ERROR - 予定タスク[181]の取得に失敗。エラー内容: In ScheduledTask[181] initialize error, ManDays`None`は必須です。
2025-04-29 12:04:34,559 - ERROR - 予定タスク[625]の取得に失敗。エラー内容: In ScheduledTask[625] initialize error, ManDays`None`は必須です。
2025-04-29 12:04:34,561 - ERROR - 予定タスク[622]の取得に失敗。エラー内容: In ScheduledTask[622] initialize error, ManDays`None`は必須です。
2025-04-29 12:04:34,562 - ERROR - 予定タスク[621]の取得に失敗。エラー内容: In ScheduledTask[621] initialize error, ManDays`None`は必須です。
2025-04-29 12:04:34,562 - ERROR - 予定タスク[209]の取得に失敗。エラー内容: In ScheduledTask[209] initialize error, ManDays`None`は必須です。
2025-04-29 12:04:34,563 - ERROR - 予定タスク[208]の取得に失敗。エラー内容: In ScheduledTask[208] initialize error, ManDays`None`は必須です。
2025-04-29 12:04:34,563 - ERROR - 予定タスク[207]の取得に失敗。エラー内容: In ScheduledTask[207] initialize error, ManDays`None`は必須です。
2025-04-29 12:04:34,563 - ERROR - 予定タスク[182]の取得に失敗。エラー内容: In ScheduledTask[182] initialize error, ManDays`None`は必須です。
2025-04-29 12:04:34,563 - ERROR - 予定タスク[181]の取得に失敗。エラー内容: In ScheduledTask[181] initialize error, ManDays`None`は必須です。
2025-04-29 12:04:41,436 - ERROR - 実績タスク[510]の取得に失敗。エラー内容: In ExcutedTask[510] initialize error, 終了日`None`は必須です。
2025-04-29 12:04:41,913 - ERROR - 予定タスク[659]の更新に失敗しました。
2025-04-29 12:04:42,117 - ERROR - 予定タスク[657]の更新に失敗しました。
2025-04-29 12:04:42,288 - ERROR - 予定タスク[656]の更新に失敗しました。
2025-04-29 12:04:43,564 - ERROR - 予定タスク[651]の更新に失敗しました。
2025-04-29 12:04:44,160 - ERROR - 予定タスク[650]の更新に失敗しました。
2025-04-29 12:04:44,349 - ERROR - 予定タスク[648]の更新に失敗しました。
2025-04-29 12:04:44,722 - ERROR - 予定タスク[644]の更新に失敗しました。
2025-04-29 12:04:44,723 - INFO - 処理時間: 11.63秒
2025-04-29 12:07:08,608 - ERROR - 予定タスク[625]の取得に失敗。エラー内容: In ScheduledTask[625] initialize error, ManDays`None`は必須です。
2025-04-29 12:07:08,610 - ERROR - 予定タスク[622]の取得に失敗。エラー内容: In ScheduledTask[622] initialize error, ManDays`None`は必須です。
2025-04-29 12:07:08,611 - ERROR - 予定タスク[621]の取得に失敗。エラー内容: In ScheduledTask[621] initialize error, ManDays`None`は必須です。
2025-04-29 12:07:08,612 - ERROR - 予定タスク[209]の取得に失敗。エラー内容: In ScheduledTask[209] initialize error, ManDays`None`は必須です。
2025-04-29 12:07:08,612 - ERROR - 予定タスク[208]の取得に失敗。エラー内容: In ScheduledTask[208] initialize error, ManDays`None`は必須です。
2025-04-29 12:07:08,612 - ERROR - 予定タスク[207]の取得に失敗。エラー内容: In ScheduledTask[207] initialize error, ManDays`None`は必須です。
2025-04-29 12:07:08,613 - ERROR - 予定タスク[182]の取得に失敗。エラー内容: In ScheduledTask[182] initialize error, ManDays`None`は必須です。
2025-04-29 12:07:08,614 - ERROR - 予定タスク[181]の取得に失敗。エラー内容: In ScheduledTask[181] initialize error, ManDays`None`は必須です。
2025-04-29 12:07:10,402 - ERROR - 実績タスク[510]の取得に失敗。エラー内容: In ExcutedTask[510] initialize error, 終了日`None`は必須です。
2025-04-29 12:07:10,559 - ERROR - 予定タスク[659]の更新に失敗しました。 エラー内容: path failed validation: path.page_id should be a valid uuid, instead was `"PageId(value='1d58fe3c-9ed2-80d2-b357-da67ede1ae6a')"`.
2025-04-29 12:07:10,880 - ERROR - 予定タスク[657]の更新に失敗しました。 エラー内容: path failed validation: path.page_id should be a valid uuid, instead was `"PageId(value='1d48fe3c-9ed2-8088-a5cb-c76aef537625')"`.
2025-04-29 12:07:11,083 - ERROR - 予定タスク[656]の更新に失敗しました。 エラー内容: path failed validation: path.page_id should be a valid uuid, instead was `"PageId(value='1d48fe3c-9ed2-806a-8533-d026c2d2b0db')"`.
2025-04-29 12:07:11,507 - ERROR - 予定タスク[651]の更新に失敗しました。 エラー内容: path failed validation: path.page_id should be a valid uuid, instead was `"PageId(value='1d48fe3c-9ed2-8044-bbb3-dd6f8955f1e2')"`.
2025-04-29 12:07:11,668 - ERROR - 予定タスク[650]の更新に失敗しました。 エラー内容: path failed validation: path.page_id should be a valid uuid, instead was `"PageId(value='1d48fe3c-9ed2-8035-a55f-c35bb9575803')"`.
2025-04-29 12:07:11,820 - ERROR - 予定タスク[648]の更新に失敗しました。 エラー内容: path failed validation: path.page_id should be a valid uuid, instead was `"PageId(value='1d48fe3c-9ed2-804e-8222-ec3b2ea49b29')"`.
2025-04-29 12:07:11,977 - ERROR - 予定タスク[644]の更新に失敗しました。 エラー内容: path failed validation: path.page_id should be a valid uuid, instead was `"PageId(value='1d48fe3c-9ed2-80a7-a785-fb03748631dc')"`.
2025-04-29 12:07:11,978 - INFO - 処理時間: 6.66秒
2025-04-29 12:08:35,158 - ERROR - 予定タスク[625]の取得に失敗。エラー内容: In ScheduledTask[625] initialize error, ManDays`None`は必須です。
2025-04-29 12:08:35,159 - ERROR - 予定タスク[622]の取得に失敗。エラー内容: In ScheduledTask[622] initialize error, ManDays`None`は必須です。
2025-04-29 12:08:35,160 - ERROR - 予定タスク[621]の取得に失敗。エラー内容: In ScheduledTask[621] initialize error, ManDays`None`は必須です。
2025-04-29 12:08:35,161 - ERROR - 予定タスク[209]の取得に失敗。エラー内容: In ScheduledTask[209] initialize error, ManDays`None`は必須です。
2025-04-29 12:08:35,161 - ERROR - 予定タスク[208]の取得に失敗。エラー内容: In ScheduledTask[208] initialize error, ManDays`None`は必須です。
2025-04-29 12:08:35,161 - ERROR - 予定タスク[207]の取得に失敗。エラー内容: In ScheduledTask[207] initialize error, ManDays`None`は必須です。
2025-04-29 12:08:35,161 - ERROR - 予定タスク[182]の取得に失敗。エラー内容: In ScheduledTask[182] initialize error, ManDays`None`は必須です。
2025-04-29 12:08:35,161 - ERROR - 予定タスク[181]の取得に失敗。エラー内容: In ScheduledTask[181] initialize error, ManDays`None`は必須です。
2025-04-29 12:08:36,680 - ERROR - 実績タスク[510]の取得に失敗。エラー内容: In ExcutedTask[510] initialize error, 終了日`None`は必須です。
2025-04-29 12:08:37,317 - INFO - 予定タスク[659]を更新しました。
2025-04-29 12:08:37,687 - INFO - 予定タスク[657]を更新しました。
2025-04-29 12:08:38,165 - INFO - 予定タスク[656]を更新しました。
2025-04-29 12:08:39,379 - INFO - 予定タスク[651]を更新しました。
2025-04-29 12:08:39,956 - INFO - 予定タスク[650]を更新しました。
2025-04-29 12:08:40,356 - INFO - 予定タスク[648]を更新しました。
2025-04-29 12:08:40,917 - INFO - 予定タスク[644]を更新しました。
2025-04-29 12:08:40,918 - INFO - 処理時間: 6.94秒
2025-04-29 12:10:00,506 - ERROR - 予定タスク[625]の取得に失敗。エラー内容: In ScheduledTask[625] initialize error, ManDaysは必須です。
2025-04-29 12:10:00,508 - ERROR - 予定タスク[622]の取得に失敗。エラー内容: In ScheduledTask[622] initialize error, ManDaysは必須です。
2025-04-29 12:10:00,508 - ERROR - 予定タスク[621]の取得に失敗。エラー内容: In ScheduledTask[621] initialize error, ManDaysは必須です。
2025-04-29 12:10:00,509 - ERROR - 予定タスク[209]の取得に失敗。エラー内容: In ScheduledTask[209] initialize error, ManDaysは必須です。
2025-04-29 12:10:00,509 - ERROR - 予定タスク[208]の取得に失敗。エラー内容: In ScheduledTask[208] initialize error, ManDaysは必須です。
2025-04-29 12:10:00,509 - ERROR - 予定タスク[207]の取得に失敗。エラー内容: In ScheduledTask[207] initialize error, ManDaysは必須です。
2025-04-29 12:10:00,509 - ERROR - 予定タスク[182]の取得に失敗。エラー内容: In ScheduledTask[182] initialize error, ManDaysは必須です。
2025-04-29 12:10:00,510 - ERROR - 予定タスク[181]の取得に失敗。エラー内容: In ScheduledTask[181] initialize error, ManDaysは必須です。
2025-04-29 12:10:01,524 - ERROR - 実績タスク[510]の取得に失敗。エラー内容: In ExcutedTask[510] initialize error, 終了日は必須です。
2025-04-29 12:10:01,525 - INFO - 処理時間: 1.61秒
2025-04-29 12:36:00,010 - ERROR - 予定タスク[625]の取得に失敗。エラー内容: In ScheduledTask[625] initialize error, ManDaysは必須です。
2025-04-29 12:36:00,011 - ERROR - 予定タスク[622]の取得に失敗。エラー内容: In ScheduledTask[622] initialize error, ManDaysは必須です。
2025-04-29 12:36:00,012 - ERROR - 予定タスク[621]の取得に失敗。エラー内容: In ScheduledTask[621] initialize error, ManDaysは必須です。
2025-04-29 12:36:00,013 - ERROR - 予定タスク[209]の取得に失敗。エラー内容: In ScheduledTask[209] initialize error, ManDaysは必須です。
2025-04-29 12:36:00,013 - ERROR - 予定タスク[208]の取得に失敗。エラー内容: In ScheduledTask[208] initialize error, ManDaysは必須です。
2025-04-29 12:36:00,013 - ERROR - 予定タスク[207]の取得に失敗。エラー内容: In ScheduledTask[207] initialize error, ManDaysは必須です。
2025-04-29 12:36:00,014 - ERROR - 予定タスク[182]の取得に失敗。エラー内容: In ScheduledTask[182] initialize error, ManDaysは必須です。
2025-04-29 12:36:00,014 - ERROR - 予定タスク[181]の取得に失敗。エラー内容: In ScheduledTask[181] initialize error, ManDaysは必須です。
2025-04-29 12:36:02,069 - ERROR - 実績タスク[510]の取得に失敗。エラー内容: In ExcutedTask[510] initialize error, 終了日は必須です。
2025-04-29 12:36:58,384 - ERROR - 予定タスク[625]の取得に失敗。エラー内容: In ScheduledTask[625] initialize error, ManDaysは必須です。
2025-04-29 12:36:58,384 - ERROR - 予定タスク[622]の取得に失敗。エラー内容: In ScheduledTask[622] initialize error, ManDaysは必須です。
2025-04-29 12:36:58,385 - ERROR - 予定タスク[621]の取得に失敗。エラー内容: In ScheduledTask[621] initialize error, ManDaysは必須です。
2025-04-29 12:36:58,386 - ERROR - 予定タスク[209]の取得に失敗。エラー内容: In ScheduledTask[209] initialize error, ManDaysは必須です。
2025-04-29 12:36:58,386 - ERROR - 予定タスク[208]の取得に失敗。エラー内容: In ScheduledTask[208] initialize error, ManDaysは必須です。
2025-04-29 12:36:58,387 - ERROR - 予定タスク[207]の取得に失敗。エラー内容: In ScheduledTask[207] initialize error, ManDaysは必須です。
2025-04-29 12:36:58,387 - ERROR - 予定タスク[182]の取得に失敗。エラー内容: In ScheduledTask[182] initialize error, ManDaysは必須です。
2025-04-29 12:36:58,388 - ERROR - 予定タスク[181]の取得に失敗。エラー内容: In ScheduledTask[181] initialize error, ManDaysは必須です。
2025-04-29 12:36:59,325 - ERROR - 実績タスク[510]の取得に失敗。エラー内容: In ExcutedTask[510] initialize error, 終了日は必須です。
2025-04-29 12:37:20,655 - ERROR - 予定タスク[625]の取得に失敗。エラー内容: In ScheduledTask[625] initialize error, ManDaysは必須です。
2025-04-29 12:37:20,656 - ERROR - 予定タスク[622]の取得に失敗。エラー内容: In ScheduledTask[622] initialize error, ManDaysは必須です。
2025-04-29 12:37:20,657 - ERROR - 予定タスク[621]の取得に失敗。エラー内容: In ScheduledTask[621] initialize error, ManDaysは必須です。
2025-04-29 12:37:20,658 - ERROR - 予定タスク[209]の取得に失敗。エラー内容: In ScheduledTask[209] initialize error, ManDaysは必須です。
2025-04-29 12:37:20,658 - ERROR - 予定タスク[208]の取得に失敗。エラー内容: In ScheduledTask[208] initialize error, ManDaysは必須です。
2025-04-29 12:37:20,659 - ERROR - 予定タスク[207]の取得に失敗。エラー内容: In ScheduledTask[207] initialize error, ManDaysは必須です。
2025-04-29 12:37:20,659 - ERROR - 予定タスク[182]の取得に失敗。エラー内容: In ScheduledTask[182] initialize error, ManDaysは必須です。
2025-04-29 12:37:20,660 - ERROR - 予定タスク[181]の取得に失敗。エラー内容: In ScheduledTask[181] initialize error, ManDaysは必須です。
2025-04-29 12:37:25,492 - ERROR - 実績タスク[510]の取得に失敗。エラー内容: In ExcutedTask[510] initialize error, 終了日は必須です。
2025-04-29 12:46:48,422 - ERROR - 予定タスク[625]の取得に失敗。エラー内容: In ScheduledTask[625] initialize error, ManDaysは必須です。
2025-04-29 12:46:48,422 - ERROR - 予定タスク[622]の取得に失敗。エラー内容: In ScheduledTask[622] initialize error, ManDaysは必須です。
2025-04-29 12:46:48,423 - ERROR - 予定タスク[621]の取得に失敗。エラー内容: In ScheduledTask[621] initialize error, ManDaysは必須です。
2025-04-29 12:46:48,423 - ERROR - 予定タスク[209]の取得に失敗。エラー内容: In ScheduledTask[209] initialize error, ManDaysは必須です。
2025-04-29 12:46:48,424 - ERROR - 予定タスク[208]の取得に失敗。エラー内容: In ScheduledTask[208] initialize error, ManDaysは必須です。
2025-04-29 12:46:48,424 - ERROR - 予定タスク[207]の取得に失敗。エラー内容: In ScheduledTask[207] initialize error, ManDaysは必須です。
2025-04-29 12:46:48,424 - ERROR - 予定タスク[182]の取得に失敗。エラー内容: In ScheduledTask[182] initialize error, ManDaysは必須です。
2025-04-29 12:46:48,425 - ERROR - 予定タスク[181]の取得に失敗。エラー内容: In ScheduledTask[181] initialize error, ManDaysは必須です。
2025-04-29 12:46:50,953 - ERROR - 実績タスク[510]の取得に失敗。エラー内容: In ExecutedTask[510] initialize error, 終了日は必須です。
2025-04-29 12:46:50,955 - INFO - 処理時間: 3.24秒
